<?xml version="1.0" encoding="UTF-8"?>
<testsuites name="jest tests" tests="5" failures="0" time="0.557">
  <testsuite name="Input tests" errors="0" failures="0" skipped="0" timestamp="2023-03-19T22:34:25" time="0.548" tests="5">
    <testcase classname="Input tests" name="Dodano poprawnie komponent inputa" time="0.001">
    </testcase>
    <testcase classname="Input tests" name="Poprawnie ustawia typ na text" time="0">
    </testcase>
    <testcase classname="Input tests" name="Poprawnie ustawia typ na number" time="0">
    </testcase>
    <testcase classname="Input tests" name="Poprawnie ustawia typ na email" time="0">
    </testcase>
    <testcase classname="Input tests" name="Poprawnie ustawia domyślny typ na range" time="0.001">
    </testcase>
  </testsuite>
</testsuites>